\BOOKMARK [0][-]{chapter*.2}{欢迎}{}% 1
\BOOKMARK [0][-]{chapter.1}{R和RStudio介绍和安装教程}{}% 2
\BOOKMARK [1][-]{section.1.1}{什么是R}{chapter.1}% 3
\BOOKMARK [1][-]{section.1.2}{获取资源与帮助（重要！）}{chapter.1}% 4
\BOOKMARK [1][-]{section.1.3}{RStudio界面介绍，基本操作，和创建新项目}{chapter.1}% 5
\BOOKMARK [1][-]{section.1.4}{安装和使用packages \(包\)}{chapter.1}% 6
\BOOKMARK [0][-]{chapter.2}{向量，逻辑，循环和函数}{}% 7
\BOOKMARK [1][-]{section.2.1}{向量的概念，操作和优越性}{chapter.2}% 8
\BOOKMARK [1][-]{section.2.2}{数据/对象类型 \(Data/Object Types\)}{chapter.2}% 9
\BOOKMARK [1][-]{section.2.3}{数学表达和运算}{chapter.2}% 10
\BOOKMARK [1][-]{section.2.4}{逻辑}{chapter.2}% 11
\BOOKMARK [1][-]{section.2.5}{判断和循环（流程控制）}{chapter.2}% 12
\BOOKMARK [1][-]{section.2.6}{函数}{chapter.2}% 13
\BOOKMARK [0][-]{chapter.3}{dataframe和tibble；简单的数据分析}{}% 14
\BOOKMARK [1][-]{section.3.1}{查看dataframe/tibble并了解它们的结构}{chapter.3}% 15
\BOOKMARK [1][-]{section.3.2}{tibble的创建和基础操作}{chapter.3}% 16
\BOOKMARK [1][-]{section.3.3}{数据转换 \(Data Transformation\)}{chapter.3}% 17
\BOOKMARK [1][-]{section.3.4}{其它}{chapter.3}% 18
\BOOKMARK [0][-]{chapter.4}{使用ggplot绘图}{}% 19
\BOOKMARK [1][-]{section.4.1}{哲理}{chapter.4}% 20
\BOOKMARK [1][-]{section.4.2}{基础}{chapter.4}% 21
\BOOKMARK [1][-]{section.4.3}{进阶}{chapter.4}% 22
\BOOKMARK [1][-]{section.4.4}{附：Base R中的作图}{chapter.4}% 23
\BOOKMARK [0][-]{chapter.5}{数据处理}{}% 24
\BOOKMARK [1][-]{section.5.1}{把``untidy data''整成``tidy data''}{chapter.5}% 25
\BOOKMARK [1][-]{section.5.2}{数据的导入和导出}{chapter.5}% 26
\BOOKMARK [1][-]{section.5.3}{字符串的处理}{chapter.5}% 27
\BOOKMARK [1][-]{section.5.4}{Factors}{chapter.5}% 28
\BOOKMARK [1][-]{section.5.5}{日期和时间}{chapter.5}% 29
\BOOKMARK [0][-]{chapter.6}{与Python的联合使用}{}% 30
\BOOKMARK [1][-]{section.6.1}{在R中使用Python: reticulate}{chapter.6}% 31
\BOOKMARK [1][-]{section.6.2}{在Python中使用R: rpy}{chapter.6}% 32
\BOOKMARK [1][-]{section.6.3}{Beaker\040Notebook}{chapter.6}% 33
\BOOKMARK [0][-]{chapter*.12}{References}{}% 34
